{
  "uid" : "1a326ec614d52d94",
  "name" : "проверка поля ввода одного цвета",
  "fullName" : "tests.widgets_test.TestAutoComplete#test_check_single_color",
  "historyId" : "f2b0c223dcee45a40f3d9896ac892523",
  "time" : {
    "start" : 1714647374140,
    "stop" : 1714647379538,
    "duration" : 5398
  },
  "status" : "broken",
  "statusMessage" : "selenium.common.exceptions.TimeoutException: Message:",
  "statusTrace" : "self = <widgets_test.TestWidgets.TestAutoComplete object at 0x7efc0c09a7a0>\ndriver = <selenium.webdriver.chrome.webdriver.WebDriver (session=\"6a43f005142c7397c29d32d6c2e1fce7\")>\n\n    @allure.title('проверка поля ввода одного цвета')\n    def test_check_single_color(self, driver):\n        auto_complete_page = AutoCompletPage(driver, 'https://demoqa.com/auto-complete')\n        auto_complete_page.open()\n>       color, output_color = auto_complete_page.check_input_color_in_single()\n\ntests/widgets_test.py:53: \n_ _ _ _ _ _ _ _ _ _ _ _ _ _ _ _ _ _ _ _ _ _ _ _ _ _ _ _ _ _ _ _ _ _ _ _ _ _ _ _ \npages/widgets_page.py:85: in check_input_color_in_single\n    input_color = self.element_is_visible(self.locators.SINGLE_COLOR_INPUT_FIELD)\npages/base_page.py:17: in element_is_visible\n    return wait(self.driver, timeout).until(EC.visibility_of_element_located(locator))\n_ _ _ _ _ _ _ _ _ _ _ _ _ _ _ _ _ _ _ _ _ _ _ _ _ _ _ _ _ _ _ _ _ _ _ _ _ _ _ _ \n\nself = <selenium.webdriver.support.wait.WebDriverWait (session=\"6a43f005142c7397c29d32d6c2e1fce7\")>\nmethod = <function visibility_of_element_located.<locals>._predicate at 0x7efc092ad120>\nmessage = ''\n\n    def until(self, method, message: str = \"\"):\n        \"\"\"Calls the method provided with the driver as an argument until the \\\n        return value does not evaluate to ``False``.\n    \n        :param method: callable(WebDriver)\n        :param message: optional message for :exc:`TimeoutException`\n        :returns: the result of the last call to `method`\n        :raises: :exc:`selenium.common.exceptions.TimeoutException` if timeout occurs\n        \"\"\"\n        screen = None\n        stacktrace = None\n    \n        end_time = time.monotonic() + self._timeout\n        while True:\n            try:\n                value = method(self._driver)\n                if value:\n                    return value\n            except self._ignored_exceptions as exc:\n                screen = getattr(exc, \"screen\", None)\n                stacktrace = getattr(exc, \"stacktrace\", None)\n            time.sleep(self._poll)\n            if time.monotonic() > end_time:\n                break\n>       raise TimeoutException(message, screen, stacktrace)\nE       selenium.common.exceptions.TimeoutException: Message:\n\n../local/lib/python3.10/site-packages/selenium/webdriver/support/wait.py:95: TimeoutException",
  "flaky" : false,
  "newFailed" : false,
  "beforeStages" : [ {
    "name" : "_session_faker",
    "time" : {
      "start" : 1714646751735,
      "stop" : 1714646751755,
      "duration" : 20
    },
    "status" : "passed",
    "steps" : [ ],
    "attachments" : [ ],
    "parameters" : [ ],
    "attachmentsCount" : 0,
    "shouldDisplayMessage" : false,
    "stepsCount" : 0,
    "hasContent" : false
  }, {
    "name" : "driver",
    "time" : {
      "start" : 1714647373389,
      "stop" : 1714647374139,
      "duration" : 750
    },
    "status" : "passed",
    "steps" : [ ],
    "attachments" : [ ],
    "parameters" : [ ],
    "attachmentsCount" : 0,
    "shouldDisplayMessage" : false,
    "stepsCount" : 0,
    "hasContent" : false
  } ],
  "testStage" : {
    "status" : "broken",
    "statusMessage" : "selenium.common.exceptions.TimeoutException: Message:",
    "statusTrace" : "self = <widgets_test.TestWidgets.TestAutoComplete object at 0x7efc0c09a7a0>\ndriver = <selenium.webdriver.chrome.webdriver.WebDriver (session=\"6a43f005142c7397c29d32d6c2e1fce7\")>\n\n    @allure.title('проверка поля ввода одного цвета')\n    def test_check_single_color(self, driver):\n        auto_complete_page = AutoCompletPage(driver, 'https://demoqa.com/auto-complete')\n        auto_complete_page.open()\n>       color, output_color = auto_complete_page.check_input_color_in_single()\n\ntests/widgets_test.py:53: \n_ _ _ _ _ _ _ _ _ _ _ _ _ _ _ _ _ _ _ _ _ _ _ _ _ _ _ _ _ _ _ _ _ _ _ _ _ _ _ _ \npages/widgets_page.py:85: in check_input_color_in_single\n    input_color = self.element_is_visible(self.locators.SINGLE_COLOR_INPUT_FIELD)\npages/base_page.py:17: in element_is_visible\n    return wait(self.driver, timeout).until(EC.visibility_of_element_located(locator))\n_ _ _ _ _ _ _ _ _ _ _ _ _ _ _ _ _ _ _ _ _ _ _ _ _ _ _ _ _ _ _ _ _ _ _ _ _ _ _ _ \n\nself = <selenium.webdriver.support.wait.WebDriverWait (session=\"6a43f005142c7397c29d32d6c2e1fce7\")>\nmethod = <function visibility_of_element_located.<locals>._predicate at 0x7efc092ad120>\nmessage = ''\n\n    def until(self, method, message: str = \"\"):\n        \"\"\"Calls the method provided with the driver as an argument until the \\\n        return value does not evaluate to ``False``.\n    \n        :param method: callable(WebDriver)\n        :param message: optional message for :exc:`TimeoutException`\n        :returns: the result of the last call to `method`\n        :raises: :exc:`selenium.common.exceptions.TimeoutException` if timeout occurs\n        \"\"\"\n        screen = None\n        stacktrace = None\n    \n        end_time = time.monotonic() + self._timeout\n        while True:\n            try:\n                value = method(self._driver)\n                if value:\n                    return value\n            except self._ignored_exceptions as exc:\n                screen = getattr(exc, \"screen\", None)\n                stacktrace = getattr(exc, \"stacktrace\", None)\n            time.sleep(self._poll)\n            if time.monotonic() > end_time:\n                break\n>       raise TimeoutException(message, screen, stacktrace)\nE       selenium.common.exceptions.TimeoutException: Message:\n\n../local/lib/python3.10/site-packages/selenium/webdriver/support/wait.py:95: TimeoutException",
    "steps" : [ {
      "name" : "открыть",
      "time" : {
        "start" : 1714647374140,
        "stop" : 1714647374468,
        "duration" : 328
      },
      "status" : "passed",
      "steps" : [ ],
      "attachments" : [ ],
      "parameters" : [ ],
      "attachmentsCount" : 0,
      "shouldDisplayMessage" : false,
      "stepsCount" : 0,
      "hasContent" : false
    }, {
      "name" : "введение цвета в поле с одним цветом",
      "time" : {
        "start" : 1714647374468,
        "stop" : 1714647379538,
        "duration" : 5070
      },
      "status" : "broken",
      "statusMessage" : "selenium.common.exceptions.TimeoutException: Message: \n\n",
      "statusTrace" : "  File \"/usr/local/lib/python3.10/site-packages/allure_commons/_allure.py\", line 192, in impl\n    return func(*a, **kw)\n  File \"/usr/workspace/pages/widgets_page.py\", line 85, in check_input_color_in_single\n    input_color = self.element_is_visible(self.locators.SINGLE_COLOR_INPUT_FIELD)\n  File \"/usr/local/lib/python3.10/site-packages/allure_commons/_allure.py\", line 192, in impl\n    return func(*a, **kw)\n  File \"/usr/workspace/pages/base_page.py\", line 17, in element_is_visible\n    return wait(self.driver, timeout).until(EC.visibility_of_element_located(locator))\n  File \"/usr/local/lib/python3.10/site-packages/selenium/webdriver/support/wait.py\", line 95, in until\n    raise TimeoutException(message, screen, stacktrace)\n",
      "steps" : [ {
        "name" : "элемент видим",
        "time" : {
          "start" : 1714647374468,
          "stop" : 1714647379538,
          "duration" : 5070
        },
        "status" : "broken",
        "statusMessage" : "selenium.common.exceptions.TimeoutException: Message: \n\n",
        "statusTrace" : "  File \"/usr/local/lib/python3.10/site-packages/allure_commons/_allure.py\", line 192, in impl\n    return func(*a, **kw)\n  File \"/usr/workspace/pages/base_page.py\", line 17, in element_is_visible\n    return wait(self.driver, timeout).until(EC.visibility_of_element_located(locator))\n  File \"/usr/local/lib/python3.10/site-packages/selenium/webdriver/support/wait.py\", line 95, in until\n    raise TimeoutException(message, screen, stacktrace)\n",
        "steps" : [ ],
        "attachments" : [ ],
        "parameters" : [ {
          "name" : "locator",
          "value" : "('css selector', 'input[id=\"autoCompleteSingleInput\"]')"
        }, {
          "name" : "timeout",
          "value" : "5"
        } ],
        "attachmentsCount" : 0,
        "shouldDisplayMessage" : true,
        "stepsCount" : 0,
        "hasContent" : true
      } ],
      "attachments" : [ ],
      "parameters" : [ ],
      "attachmentsCount" : 0,
      "shouldDisplayMessage" : false,
      "stepsCount" : 1,
      "hasContent" : true
    } ],
    "attachments" : [ ],
    "parameters" : [ ],
    "attachmentsCount" : 0,
    "shouldDisplayMessage" : true,
    "stepsCount" : 3,
    "hasContent" : true
  },
  "afterStages" : [ {
    "name" : "driver::0",
    "time" : {
      "start" : 1714647379548,
      "stop" : 1714647379603,
      "duration" : 55
    },
    "status" : "passed",
    "steps" : [ ],
    "attachments" : [ ],
    "parameters" : [ ],
    "attachmentsCount" : 0,
    "shouldDisplayMessage" : false,
    "stepsCount" : 0,
    "hasContent" : false
  } ],
  "labels" : [ {
    "name" : "suite",
    "value" : "Widgets"
  }, {
    "name" : "feature",
    "value" : "Auto Complete"
  }, {
    "name" : "parentSuite",
    "value" : "tests"
  }, {
    "name" : "subSuite",
    "value" : "TestWidgets"
  }, {
    "name" : "host",
    "value" : "112b3e9cd18b"
  }, {
    "name" : "thread",
    "value" : "1-MainThread"
  }, {
    "name" : "framework",
    "value" : "pytest"
  }, {
    "name" : "language",
    "value" : "cpython3"
  }, {
    "name" : "package",
    "value" : "tests.widgets_test"
  }, {
    "name" : "resultFormat",
    "value" : "allure2"
  } ],
  "parameters" : [ ],
  "links" : [ ],
  "hidden" : false,
  "retry" : false,
  "extra" : {
    "severity" : "normal",
    "retries" : [ ],
    "categories" : [ {
      "name" : "Test defects",
      "matchedStatuses" : [ ],
      "flaky" : false
    } ],
    "tags" : [ ]
  },
  "source" : "1a326ec614d52d94.json",
  "parameterValues" : [ ]
}