{
  "uid" : "2db4b8504c20c04c",
  "name" : "проверка появления кнопки",
  "fullName" : "tests.elements_test.TestDynamicProperties#test_check_appear",
  "historyId" : "56780d8e2227e0d03d7d2420010ad8db",
  "time" : {
    "start" : 1717142212387,
    "stop" : 1717142217952,
    "duration" : 5565
  },
  "status" : "failed",
  "statusMessage" : "AssertionError: assert False is True",
  "statusTrace" : "self = <elements_test.TestElements.TestDynamicProperties object at 0x7f3f5468c220>\ndriver = <selenium.webdriver.chrome.webdriver.WebDriver (session=\"c1b45a219540d049667791fbd859c320\")>\n\n    @allure.title(\"проверка появления кнопки\")\n    def test_check_appear(self, driver):\n        dynamics_properties_page = DynamicPropertiesPage(driver, 'https://demoqa.com/dynamic-properties')\n        dynamics_properties_page.open()\n        appear = dynamics_properties_page.check_apper_at_time()\n>       assert appear is True\nE       assert False is True\n\ntests/elements_test.py:174: AssertionError",
  "flaky" : false,
  "newFailed" : false,
  "beforeStages" : [ {
    "name" : "driver",
    "time" : {
      "start" : 1717142211595,
      "stop" : 1717142212387,
      "duration" : 792
    },
    "status" : "passed",
    "steps" : [ ],
    "attachments" : [ ],
    "parameters" : [ ],
    "attachmentsCount" : 0,
    "shouldDisplayMessage" : false,
    "stepsCount" : 0,
    "hasContent" : false
  }, {
    "name" : "_session_faker",
    "time" : {
      "start" : 1717142068781,
      "stop" : 1717142068801,
      "duration" : 20
    },
    "status" : "passed",
    "steps" : [ ],
    "attachments" : [ ],
    "parameters" : [ ],
    "attachmentsCount" : 0,
    "shouldDisplayMessage" : false,
    "stepsCount" : 0,
    "hasContent" : false
  } ],
  "testStage" : {
    "status" : "failed",
    "statusMessage" : "AssertionError: assert False is True",
    "statusTrace" : "self = <elements_test.TestElements.TestDynamicProperties object at 0x7f3f5468c220>\ndriver = <selenium.webdriver.chrome.webdriver.WebDriver (session=\"c1b45a219540d049667791fbd859c320\")>\n\n    @allure.title(\"проверка появления кнопки\")\n    def test_check_appear(self, driver):\n        dynamics_properties_page = DynamicPropertiesPage(driver, 'https://demoqa.com/dynamic-properties')\n        dynamics_properties_page.open()\n        appear = dynamics_properties_page.check_apper_at_time()\n>       assert appear is True\nE       assert False is True\n\ntests/elements_test.py:174: AssertionError",
    "steps" : [ {
      "name" : "открыть",
      "time" : {
        "start" : 1717142212388,
        "stop" : 1717142212872,
        "duration" : 484
      },
      "status" : "passed",
      "steps" : [ ],
      "attachments" : [ ],
      "parameters" : [ ],
      "attachmentsCount" : 0,
      "shouldDisplayMessage" : false,
      "stepsCount" : 0,
      "hasContent" : false
    }, {
      "name" : "кнопка доступная через 5 секунд",
      "time" : {
        "start" : 1717142212872,
        "stop" : 1717142217952,
        "duration" : 5080
      },
      "status" : "passed",
      "steps" : [ {
        "name" : "элемент видим",
        "time" : {
          "start" : 1717142212873,
          "stop" : 1717142217951,
          "duration" : 5078
        },
        "status" : "broken",
        "statusMessage" : "selenium.common.exceptions.TimeoutException: Message: \n\n",
        "statusTrace" : "  File \"/usr/local/lib/python3.10/site-packages/allure_commons/_allure.py\", line 192, in impl\n    return func(*a, **kw)\n  File \"/usr/workspace/pages/base_page.py\", line 17, in element_is_visible\n    return wait(self.driver, timeout).until(EC.visibility_of_element_located(locator))\n  File \"/usr/local/lib/python3.10/site-packages/selenium/webdriver/support/wait.py\", line 95, in until\n    raise TimeoutException(message, screen, stacktrace)\n",
        "steps" : [ ],
        "attachments" : [ ],
        "parameters" : [ {
          "name" : "locator",
          "value" : "('css selector', 'button[id=\"visibleAfter\"]')"
        }, {
          "name" : "timeout",
          "value" : "5"
        } ],
        "attachmentsCount" : 0,
        "shouldDisplayMessage" : true,
        "stepsCount" : 0,
        "hasContent" : true
      } ],
      "attachments" : [ ],
      "parameters" : [ ],
      "attachmentsCount" : 0,
      "shouldDisplayMessage" : false,
      "stepsCount" : 1,
      "hasContent" : true
    } ],
    "attachments" : [ ],
    "parameters" : [ ],
    "attachmentsCount" : 0,
    "shouldDisplayMessage" : true,
    "stepsCount" : 3,
    "hasContent" : true
  },
  "afterStages" : [ {
    "name" : "driver::0",
    "time" : {
      "start" : 1717142217956,
      "stop" : 1717142218012,
      "duration" : 56
    },
    "status" : "passed",
    "steps" : [ ],
    "attachments" : [ ],
    "parameters" : [ ],
    "attachmentsCount" : 0,
    "shouldDisplayMessage" : false,
    "stepsCount" : 0,
    "hasContent" : false
  } ],
  "labels" : [ {
    "name" : "feature",
    "value" : "DynamicProperties"
  }, {
    "name" : "suite",
    "value" : "Elements"
  }, {
    "name" : "parentSuite",
    "value" : "tests"
  }, {
    "name" : "subSuite",
    "value" : "TestElements"
  }, {
    "name" : "host",
    "value" : "178642fccf3a"
  }, {
    "name" : "thread",
    "value" : "1-MainThread"
  }, {
    "name" : "framework",
    "value" : "pytest"
  }, {
    "name" : "language",
    "value" : "cpython3"
  }, {
    "name" : "package",
    "value" : "tests.elements_test"
  }, {
    "name" : "resultFormat",
    "value" : "allure2"
  } ],
  "parameters" : [ ],
  "links" : [ ],
  "hidden" : false,
  "retry" : false,
  "extra" : {
    "severity" : "normal",
    "retries" : [ ],
    "categories" : [ {
      "name" : "Product defects",
      "matchedStatuses" : [ ],
      "flaky" : false
    } ],
    "tags" : [ ]
  },
  "source" : "2db4b8504c20c04c.json",
  "parameterValues" : [ ]
}