{
  "uid" : "54d7100ede13fcfb",
  "name" : "проверка изменения количества строк на странице",
  "fullName" : "tests.elements_test.TestWebTables#test_web_tables_change_count_row",
  "historyId" : "befb36cef857a91ee7f6c46bf9a5d157",
  "time" : {
    "start" : 1714652301826,
    "stop" : 1714652307279,
    "duration" : 5453
  },
  "status" : "broken",
  "statusMessage" : "selenium.common.exceptions.TimeoutException: Message:",
  "statusTrace" : "self = <elements_test.TestElements.TestWebTables object at 0x7f82705ac7c0>\ndriver = <selenium.webdriver.chrome.webdriver.WebDriver (session=\"868fba1e8d3d7ebbefdf48eb28f5d4ae\")>\n\n    @allure.title(\"проверка изменения количества строк на странице\")\n    def test_web_tables_change_count_row(self, driver):\n        web_tables_page = WebTablesPage(driver, 'https://demoqa.com/webtables')\n        web_tables_page.open()\n>       count = web_tables_page.select_up_to_some_rows()\n\ntests/elements_test.py:97: \n_ _ _ _ _ _ _ _ _ _ _ _ _ _ _ _ _ _ _ _ _ _ _ _ _ _ _ _ _ _ _ _ _ _ _ _ _ _ _ _ \npages/elements_page.py:160: in select_up_to_some_rows\n    count_row_button = self.element_is_visible(self.locators.ROW_PER_PAGE)\npages/base_page.py:17: in element_is_visible\n    return wait(self.driver, timeout).until(EC.visibility_of_element_located(locator))\n_ _ _ _ _ _ _ _ _ _ _ _ _ _ _ _ _ _ _ _ _ _ _ _ _ _ _ _ _ _ _ _ _ _ _ _ _ _ _ _ \n\nself = <selenium.webdriver.support.wait.WebDriverWait (session=\"868fba1e8d3d7ebbefdf48eb28f5d4ae\")>\nmethod = <function visibility_of_element_located.<locals>._predicate at 0x7f826ef911b0>\nmessage = ''\n\n    def until(self, method, message: str = \"\"):\n        \"\"\"Calls the method provided with the driver as an argument until the \\\n        return value does not evaluate to ``False``.\n    \n        :param method: callable(WebDriver)\n        :param message: optional message for :exc:`TimeoutException`\n        :returns: the result of the last call to `method`\n        :raises: :exc:`selenium.common.exceptions.TimeoutException` if timeout occurs\n        \"\"\"\n        screen = None\n        stacktrace = None\n    \n        end_time = time.monotonic() + self._timeout\n        while True:\n            try:\n                value = method(self._driver)\n                if value:\n                    return value\n            except self._ignored_exceptions as exc:\n                screen = getattr(exc, \"screen\", None)\n                stacktrace = getattr(exc, \"stacktrace\", None)\n            time.sleep(self._poll)\n            if time.monotonic() > end_time:\n                break\n>       raise TimeoutException(message, screen, stacktrace)\nE       selenium.common.exceptions.TimeoutException: Message:\n\n../local/lib/python3.10/site-packages/selenium/webdriver/support/wait.py:95: TimeoutException",
  "flaky" : false,
  "newFailed" : false,
  "beforeStages" : [ {
    "name" : "_session_faker",
    "time" : {
      "start" : 1714652125520,
      "stop" : 1714652125540,
      "duration" : 20
    },
    "status" : "passed",
    "steps" : [ ],
    "attachments" : [ ],
    "parameters" : [ ],
    "attachmentsCount" : 0,
    "shouldDisplayMessage" : false,
    "stepsCount" : 0,
    "hasContent" : false
  }, {
    "name" : "driver",
    "time" : {
      "start" : 1714652301063,
      "stop" : 1714652301825,
      "duration" : 762
    },
    "status" : "passed",
    "steps" : [ ],
    "attachments" : [ ],
    "parameters" : [ ],
    "attachmentsCount" : 0,
    "shouldDisplayMessage" : false,
    "stepsCount" : 0,
    "hasContent" : false
  } ],
  "testStage" : {
    "status" : "broken",
    "statusMessage" : "selenium.common.exceptions.TimeoutException: Message:",
    "statusTrace" : "self = <elements_test.TestElements.TestWebTables object at 0x7f82705ac7c0>\ndriver = <selenium.webdriver.chrome.webdriver.WebDriver (session=\"868fba1e8d3d7ebbefdf48eb28f5d4ae\")>\n\n    @allure.title(\"проверка изменения количества строк на странице\")\n    def test_web_tables_change_count_row(self, driver):\n        web_tables_page = WebTablesPage(driver, 'https://demoqa.com/webtables')\n        web_tables_page.open()\n>       count = web_tables_page.select_up_to_some_rows()\n\ntests/elements_test.py:97: \n_ _ _ _ _ _ _ _ _ _ _ _ _ _ _ _ _ _ _ _ _ _ _ _ _ _ _ _ _ _ _ _ _ _ _ _ _ _ _ _ \npages/elements_page.py:160: in select_up_to_some_rows\n    count_row_button = self.element_is_visible(self.locators.ROW_PER_PAGE)\npages/base_page.py:17: in element_is_visible\n    return wait(self.driver, timeout).until(EC.visibility_of_element_located(locator))\n_ _ _ _ _ _ _ _ _ _ _ _ _ _ _ _ _ _ _ _ _ _ _ _ _ _ _ _ _ _ _ _ _ _ _ _ _ _ _ _ \n\nself = <selenium.webdriver.support.wait.WebDriverWait (session=\"868fba1e8d3d7ebbefdf48eb28f5d4ae\")>\nmethod = <function visibility_of_element_located.<locals>._predicate at 0x7f826ef911b0>\nmessage = ''\n\n    def until(self, method, message: str = \"\"):\n        \"\"\"Calls the method provided with the driver as an argument until the \\\n        return value does not evaluate to ``False``.\n    \n        :param method: callable(WebDriver)\n        :param message: optional message for :exc:`TimeoutException`\n        :returns: the result of the last call to `method`\n        :raises: :exc:`selenium.common.exceptions.TimeoutException` if timeout occurs\n        \"\"\"\n        screen = None\n        stacktrace = None\n    \n        end_time = time.monotonic() + self._timeout\n        while True:\n            try:\n                value = method(self._driver)\n                if value:\n                    return value\n            except self._ignored_exceptions as exc:\n                screen = getattr(exc, \"screen\", None)\n                stacktrace = getattr(exc, \"stacktrace\", None)\n            time.sleep(self._poll)\n            if time.monotonic() > end_time:\n                break\n>       raise TimeoutException(message, screen, stacktrace)\nE       selenium.common.exceptions.TimeoutException: Message:\n\n../local/lib/python3.10/site-packages/selenium/webdriver/support/wait.py:95: TimeoutException",
    "steps" : [ {
      "name" : "открыть",
      "time" : {
        "start" : 1714652301826,
        "stop" : 1714652302200,
        "duration" : 374
      },
      "status" : "passed",
      "steps" : [ ],
      "attachments" : [ ],
      "parameters" : [ ],
      "attachmentsCount" : 0,
      "shouldDisplayMessage" : false,
      "stepsCount" : 0,
      "hasContent" : false
    }, {
      "name" : "выбор количества строк на странице",
      "time" : {
        "start" : 1714652302200,
        "stop" : 1714652307278,
        "duration" : 5078
      },
      "status" : "broken",
      "statusMessage" : "selenium.common.exceptions.TimeoutException: Message: \n\n",
      "statusTrace" : "  File \"/usr/local/lib/python3.10/site-packages/allure_commons/_allure.py\", line 192, in impl\n    return func(*a, **kw)\n  File \"/usr/workspace/pages/elements_page.py\", line 160, in select_up_to_some_rows\n    count_row_button = self.element_is_visible(self.locators.ROW_PER_PAGE)\n  File \"/usr/local/lib/python3.10/site-packages/allure_commons/_allure.py\", line 192, in impl\n    return func(*a, **kw)\n  File \"/usr/workspace/pages/base_page.py\", line 17, in element_is_visible\n    return wait(self.driver, timeout).until(EC.visibility_of_element_located(locator))\n  File \"/usr/local/lib/python3.10/site-packages/selenium/webdriver/support/wait.py\", line 95, in until\n    raise TimeoutException(message, screen, stacktrace)\n",
      "steps" : [ {
        "name" : "элемент видим",
        "time" : {
          "start" : 1714652302200,
          "stop" : 1714652307278,
          "duration" : 5078
        },
        "status" : "broken",
        "statusMessage" : "selenium.common.exceptions.TimeoutException: Message: \n\n",
        "statusTrace" : "  File \"/usr/local/lib/python3.10/site-packages/allure_commons/_allure.py\", line 192, in impl\n    return func(*a, **kw)\n  File \"/usr/workspace/pages/base_page.py\", line 17, in element_is_visible\n    return wait(self.driver, timeout).until(EC.visibility_of_element_located(locator))\n  File \"/usr/local/lib/python3.10/site-packages/selenium/webdriver/support/wait.py\", line 95, in until\n    raise TimeoutException(message, screen, stacktrace)\n",
        "steps" : [ ],
        "attachments" : [ ],
        "parameters" : [ {
          "name" : "locator",
          "value" : "('css selector', 'select[aria-label=\"rows per page\"]')"
        }, {
          "name" : "timeout",
          "value" : "5"
        } ],
        "attachmentsCount" : 0,
        "shouldDisplayMessage" : true,
        "stepsCount" : 0,
        "hasContent" : true
      } ],
      "attachments" : [ ],
      "parameters" : [ ],
      "attachmentsCount" : 0,
      "shouldDisplayMessage" : false,
      "stepsCount" : 1,
      "hasContent" : true
    } ],
    "attachments" : [ ],
    "parameters" : [ ],
    "attachmentsCount" : 0,
    "shouldDisplayMessage" : true,
    "stepsCount" : 3,
    "hasContent" : true
  },
  "afterStages" : [ {
    "name" : "driver::0",
    "time" : {
      "start" : 1714652307291,
      "stop" : 1714652307347,
      "duration" : 56
    },
    "status" : "passed",
    "steps" : [ ],
    "attachments" : [ ],
    "parameters" : [ ],
    "attachmentsCount" : 0,
    "shouldDisplayMessage" : false,
    "stepsCount" : 0,
    "hasContent" : false
  } ],
  "labels" : [ {
    "name" : "feature",
    "value" : "WebTables"
  }, {
    "name" : "suite",
    "value" : "Elements"
  }, {
    "name" : "parentSuite",
    "value" : "tests"
  }, {
    "name" : "subSuite",
    "value" : "TestElements"
  }, {
    "name" : "host",
    "value" : "3d2c3a5cdaba"
  }, {
    "name" : "thread",
    "value" : "1-MainThread"
  }, {
    "name" : "framework",
    "value" : "pytest"
  }, {
    "name" : "language",
    "value" : "cpython3"
  }, {
    "name" : "package",
    "value" : "tests.elements_test"
  }, {
    "name" : "resultFormat",
    "value" : "allure2"
  } ],
  "parameters" : [ ],
  "links" : [ ],
  "hidden" : false,
  "retry" : false,
  "extra" : {
    "severity" : "normal",
    "retries" : [ ],
    "categories" : [ {
      "name" : "Test defects",
      "matchedStatuses" : [ ],
      "flaky" : false
    } ],
    "tags" : [ ]
  },
  "source" : "54d7100ede13fcfb.json",
  "parameterValues" : [ ]
}