{
  "uid" : "bce5e7cc10690bb7",
  "name" : "проверка недоступоной 5 секунд кнопки",
  "fullName" : "tests.elements_test.TestDynamicProperties#test_dynamic_attribute_button",
  "historyId" : "d4c0beb03f3da8904afa7903a640534b",
  "time" : {
    "start" : 1713876815985,
    "stop" : 1713876833376,
    "duration" : 17391
  },
  "status" : "failed",
  "statusMessage" : "AssertionError: None\nassert None",
  "statusTrace" : "self = <elements_test.TestElements.TestDynamicProperties object at 0x7febafa82170>\ndriver = <selenium.webdriver.chrome.webdriver.WebDriver (session=\"7a607532618d52a8ed7509294c3d48d4\")>\n\n    @allure.title(\"проверка недоступоной 5 секунд кнопки\")\n    def test_dynamic_attribute_button(self, driver):\n        dynamics_properties_page = DynamicPropertiesPage(driver, 'https://demoqa.com/dynamic-properties')\n        dynamics_properties_page.open()\n        before_time, after_time = dynamics_properties_page.enable_at_time_button()\n>       assert before_time, after_time\nE       AssertionError: None\nE       assert None\n\ntests/elements_test.py:160: AssertionError",
  "flaky" : false,
  "newFailed" : false,
  "beforeStages" : [ {
    "name" : "driver",
    "time" : {
      "start" : 1713876815231,
      "stop" : 1713876815984,
      "duration" : 753
    },
    "status" : "passed",
    "steps" : [ ],
    "attachments" : [ ],
    "parameters" : [ ],
    "attachmentsCount" : 0,
    "shouldDisplayMessage" : false,
    "stepsCount" : 0,
    "hasContent" : false
  }, {
    "name" : "_session_faker",
    "time" : {
      "start" : 1713876632897,
      "stop" : 1713876632917,
      "duration" : 20
    },
    "status" : "passed",
    "steps" : [ ],
    "attachments" : [ ],
    "parameters" : [ ],
    "attachmentsCount" : 0,
    "shouldDisplayMessage" : false,
    "stepsCount" : 0,
    "hasContent" : false
  } ],
  "testStage" : {
    "status" : "failed",
    "statusMessage" : "AssertionError: None\nassert None",
    "statusTrace" : "self = <elements_test.TestElements.TestDynamicProperties object at 0x7febafa82170>\ndriver = <selenium.webdriver.chrome.webdriver.WebDriver (session=\"7a607532618d52a8ed7509294c3d48d4\")>\n\n    @allure.title(\"проверка недоступоной 5 секунд кнопки\")\n    def test_dynamic_attribute_button(self, driver):\n        dynamics_properties_page = DynamicPropertiesPage(driver, 'https://demoqa.com/dynamic-properties')\n        dynamics_properties_page.open()\n        before_time, after_time = dynamics_properties_page.enable_at_time_button()\n>       assert before_time, after_time\nE       AssertionError: None\nE       assert None\n\ntests/elements_test.py:160: AssertionError",
    "steps" : [ {
      "name" : "открыть",
      "time" : {
        "start" : 1713876815985,
        "stop" : 1713876827324,
        "duration" : 11339
      },
      "status" : "passed",
      "steps" : [ ],
      "attachments" : [ ],
      "parameters" : [ ],
      "attachmentsCount" : 0,
      "shouldDisplayMessage" : false,
      "stepsCount" : 0,
      "hasContent" : false
    }, {
      "name" : "временно недоступная кнопка",
      "time" : {
        "start" : 1713876827325,
        "stop" : 1713876833376,
        "duration" : 6051
      },
      "status" : "passed",
      "steps" : [ {
        "name" : "элемент видим",
        "time" : {
          "start" : 1713876827325,
          "stop" : 1713876827346,
          "duration" : 21
        },
        "status" : "passed",
        "steps" : [ ],
        "attachments" : [ ],
        "parameters" : [ {
          "name" : "locator",
          "value" : "('css selector', 'button[id=\"enableAfter\"]')"
        }, {
          "name" : "timeout",
          "value" : "5"
        } ],
        "attachmentsCount" : 0,
        "shouldDisplayMessage" : false,
        "stepsCount" : 0,
        "hasContent" : true
      } ],
      "attachments" : [ ],
      "parameters" : [ ],
      "attachmentsCount" : 0,
      "shouldDisplayMessage" : false,
      "stepsCount" : 1,
      "hasContent" : true
    } ],
    "attachments" : [ ],
    "parameters" : [ ],
    "attachmentsCount" : 0,
    "shouldDisplayMessage" : true,
    "stepsCount" : 3,
    "hasContent" : true
  },
  "afterStages" : [ {
    "name" : "driver::0",
    "time" : {
      "start" : 1713876833380,
      "stop" : 1713876833444,
      "duration" : 64
    },
    "status" : "passed",
    "steps" : [ ],
    "attachments" : [ ],
    "parameters" : [ ],
    "attachmentsCount" : 0,
    "shouldDisplayMessage" : false,
    "stepsCount" : 0,
    "hasContent" : false
  } ],
  "labels" : [ {
    "name" : "suite",
    "value" : "Elements"
  }, {
    "name" : "feature",
    "value" : "DynamicProperties"
  }, {
    "name" : "parentSuite",
    "value" : "tests"
  }, {
    "name" : "subSuite",
    "value" : "TestElements"
  }, {
    "name" : "host",
    "value" : "b1f3987defed"
  }, {
    "name" : "thread",
    "value" : "1-MainThread"
  }, {
    "name" : "framework",
    "value" : "pytest"
  }, {
    "name" : "language",
    "value" : "cpython3"
  }, {
    "name" : "package",
    "value" : "tests.elements_test"
  }, {
    "name" : "resultFormat",
    "value" : "allure2"
  } ],
  "parameters" : [ ],
  "links" : [ ],
  "hidden" : false,
  "retry" : false,
  "extra" : {
    "severity" : "normal",
    "retries" : [ ],
    "categories" : [ {
      "name" : "Product defects",
      "matchedStatuses" : [ ],
      "flaky" : false
    } ],
    "tags" : [ ]
  },
  "source" : "bce5e7cc10690bb7.json",
  "parameterValues" : [ ]
}